INFO: [VRFC 10-2263] Analyzing Verilog file "E:/Vivado_2018/Vivado/LMS/LMS.ip_user_files/ipstatic/hdl/verilog/lms_mac_muladd_16cud.v" into library xil_defaultlib
INFO: [VRFC 10-311] analyzing module lms_mac_muladd_16cud_DSP48_1
INFO: [VRFC 10-311] analyzing module lms_mac_muladd_16cud
INFO: [VRFC 10-2263] Analyzing Verilog file "E:/Vivado_2018/Vivado/LMS/LMS.ip_user_files/ipstatic/hdl/verilog/lms_mac_muladd_16dEe.v" into library xil_defaultlib
INFO: [VRFC 10-311] analyzing module lms_mac_muladd_16dEe_DSP48_2
INFO: [VRFC 10-311] analyzing module lms_mac_muladd_16dEe
INFO: [VRFC 10-2263] Analyzing Verilog file "E:/Vivado_2018/Vivado/LMS/LMS.ip_user_files/ipstatic/hdl/verilog/lms_mac_muladd_16eOg.v" into library xil_defaultlib
INFO: [VRFC 10-311] analyzing module lms_mac_muladd_16eOg_DSP48_3
INFO: [VRFC 10-311] analyzing module lms_mac_muladd_16eOg
INFO: [VRFC 10-2263] Analyzing Verilog file "E:/Vivado_2018/Vivado/LMS/LMS.ip_user_files/ipstatic/hdl/verilog/lms_mac_muladd_20fYi.v" into library xil_defaultlib
INFO: [VRFC 10-311] analyzing module lms_mac_muladd_20fYi_DSP48_4
INFO: [VRFC 10-311] analyzing module lms_mac_muladd_20fYi
INFO: [VRFC 10-2263] Analyzing Verilog file "E:/Vivado_2018/Vivado/LMS/LMS.ip_user_files/ipstatic/hdl/verilog/lms_mul_mul_16s_1bkb.v" into library xil_defaultlib
INFO: [VRFC 10-311] analyzing module lms_mul_mul_16s_1bkb_DSP48_0
INFO: [VRFC 10-311] analyzing module lms_mul_mul_16s_1bkb
INFO: [VRFC 10-2263] Analyzing Verilog file "E:/Vivado_2018/Vivado/LMS/LMS.ip_user_files/ipstatic/hdl/verilog/lms.v" into library xil_defaultlib
INFO: [VRFC 10-311] analyzing module lms
INFO: [VRFC 10-2263] Analyzing Verilog file "E:/Vivado_2018/Vivado/LMS/LMS.srcs/sources_1/ip/lms_0_5/sim/lms_0.v" into library xil_defaultlib
INFO: [VRFC 10-311] analyzing module lms_0
INFO: [VRFC 10-2263] Analyzing Verilog file "E:/Vivado_2018/Vivado/LMS/LMS.srcs/sources_1/ip/xn_noise_rom/sim/xn_noise_rom.v" into library xil_defaultlib
INFO: [VRFC 10-311] analyzing module xn_noise_rom
INFO: [VRFC 10-2263] Analyzing Verilog file "E:/Vivado_2018/Vivado/LMS/LMS.srcs/sources_1/ip/xn_rom/sim/xn_rom.v" into library xil_defaultlib
INFO: [VRFC 10-311] analyzing module xn_rom
INFO: [VRFC 10-2263] Analyzing Verilog file "E:/Vivado_2018/Vivado/LMS/LMS.srcs/sources_1/new/LMS.v" into library xil_defaultlib
INFO: [VRFC 10-311] analyzing module LMS
INFO: [VRFC 10-2263] Analyzing Verilog file "E:/Vivado_2018/Vivado/LMS/LMS.srcs/sources_1/new/data_source.v" into library xil_defaultlib
INFO: [VRFC 10-311] analyzing module data_source
INFO: [VRFC 10-2263] Analyzing Verilog file "E:/Vivado_2018/Vivado/LMS/LMS.srcs/sources_1/new/top.v" into library xil_defaultlib
INFO: [VRFC 10-311] analyzing module top
INFO: [VRFC 10-2263] Analyzing Verilog file "E:/Vivado_2018/Vivado/LMS/LMS.srcs/sim_1/new/top_test.v" into library xil_defaultlib
INFO: [VRFC 10-311] analyzing module top_test
