Vivado Simulator 2018.3
Copyright 1986-1999, 2001-2018 Xilinx, Inc. All Rights Reserved.
Running: D:/Xilinx_2018/Vivado/2018.3/bin/unwrapped/win64.o/xelab.exe -wto ed005d9079874aeeb0085cc53b88681d --incr --debug typical --relax --mt 2 -L xil_defaultlib -L blk_mem_gen_v8_4_2 -L unisims_ver -L unimacro_ver -L secureip -L xpm --snapshot top_test_behav xil_defaultlib.top_test xil_defaultlib.glbl -log elaborate.log 
Using 2 slave threads.
Starting static elaboration
Completed static elaboration
Starting simulation data flow analysis
Completed simulation data flow analysis
Time Resolution for simulation is 1ps
Compiling module blk_mem_gen_v8_4_2.blk_mem_gen_v8_4_2_output_stage(...
Compiling module blk_mem_gen_v8_4_2.blk_mem_gen_v8_4_2_output_stage(...
Compiling module blk_mem_gen_v8_4_2.blk_mem_gen_v8_4_2_softecc_outpu...
Compiling module blk_mem_gen_v8_4_2.blk_mem_gen_v8_4_2_mem_module(C_...
Compiling module blk_mem_gen_v8_4_2.blk_mem_gen_v8_4_2(C_FAMILY="zyn...
Compiling module xil_defaultlib.xn_rom
Compiling module blk_mem_gen_v8_4_2.blk_mem_gen_v8_4_2_mem_module(C_...
Compiling module blk_mem_gen_v8_4_2.blk_mem_gen_v8_4_2(C_FAMILY="zyn...
Compiling module xil_defaultlib.xn_noise_rom
Compiling module xil_defaultlib.data_source
Compiling module xil_defaultlib.lms_mul_mul_16s_1bkb_DSP48_0
Compiling module xil_defaultlib.lms_mul_mul_16s_1bkb(ID=1,NUM_ST...
Compiling module xil_defaultlib.lms_mac_muladd_16cud_DSP48_1
Compiling module xil_defaultlib.lms_mac_muladd_16cud(ID=1,NUM_ST...
Compiling module xil_defaultlib.lms_mac_muladd_16dEe_DSP48_2
Compiling module xil_defaultlib.lms_mac_muladd_16dEe(ID=1,NUM_ST...
Compiling module xil_defaultlib.lms_mac_muladd_16eOg_DSP48_3
Compiling module xil_defaultlib.lms_mac_muladd_16eOg(ID=1,NUM_ST...
Compiling module xil_defaultlib.lms_mac_muladd_20fYi_DSP48_4
Compiling module xil_defaultlib.lms_mac_muladd_20fYi(ID=1,NUM_ST...
Compiling module xil_defaultlib.lms
Compiling module xil_defaultlib.lms_0
Compiling module xil_defaultlib.LMS
Compiling module xil_defaultlib.top
Compiling module xil_defaultlib.top_test
Compiling module xil_defaultlib.glbl
Built simulation snapshot top_test_behav
